nohup: 忽略输入
/home/inspur/anaconda3/envs/pvideo/lib/python3.6/site-packages/mmcv/cnn/bricks/transformer.py:28: UserWarning: Fail to import ``MultiScaleDeformableAttention`` from ``mmcv.ops.multi_scale_deform_attn``, You should install ``mmcv-full`` if you need this module. 
  warnings.warn('Fail to import ``MultiScaleDeformableAttention`` from '
Use load_from_local loader
 latency: 19.6473 sec throughput: 0.0509 req/sec

The top-5 labels with corresponding scores are: [[('arm wrestling', 0.9999478), ('rock scissors paper', 6.797783e-06), ('opening bottle', 5.7701313e-06), ('playing chess', 4.8315246e-06), ('waxing legs', 4.7202216e-06)]]
 latency: 19.4226 sec throughput: 0.0515 req/sec

The top-5 labels with corresponding scores are: [[('arm wrestling', 0.9999478), ('rock scissors paper', 6.797783e-06), ('opening bottle', 5.7701313e-06), ('playing chess', 4.8315246e-06), ('waxing legs', 4.7202216e-06)]]
 latency: 19.5156 sec throughput: 0.0512 req/sec

The top-5 labels with corresponding scores are: [[('arm wrestling', 0.9999478), ('rock scissors paper', 6.797783e-06), ('opening bottle', 5.7701313e-06), ('playing chess', 4.8315246e-06), ('waxing legs', 4.7202216e-06)]]
 latency: 19.5228 sec throughput: 0.0512 req/sec

The top-5 labels with corresponding scores are: [[('arm wrestling', 0.9999478), ('rock scissors paper', 6.797783e-06), ('opening bottle', 5.7701313e-06), ('playing chess', 4.8315246e-06), ('waxing legs', 4.7202216e-06)]]
 latency: 19.5802 sec throughput: 0.0511 req/sec

The top-5 labels with corresponding scores are: [[('arm wrestling', 0.9999478), ('rock scissors paper', 6.797783e-06), ('opening bottle', 5.7701313e-06), ('playing chess', 4.8315246e-06), ('waxing legs', 4.7202216e-06)]]
 latency: 19.3663 sec throughput: 0.0516 req/sec

The top-5 labels with corresponding scores are: [[('arm wrestling', 0.9999478), ('rock scissors paper', 6.797783e-06), ('opening bottle', 5.7701313e-06), ('playing chess', 4.8315246e-06), ('waxing legs', 4.7202216e-06)]]
 latency: 19.7193 sec throughput: 0.0507 req/sec

The top-5 labels with corresponding scores are: [[('arm wrestling', 0.9999478), ('rock scissors paper', 6.797783e-06), ('opening bottle', 5.7701313e-06), ('playing chess', 4.8315246e-06), ('waxing legs', 4.7202216e-06)]]
 latency: 19.3488 sec throughput: 0.0517 req/sec

The top-5 labels with corresponding scores are: [[('arm wrestling', 0.9999478), ('rock scissors paper', 6.797783e-06), ('opening bottle', 5.7701313e-06), ('playing chess', 4.8315246e-06), ('waxing legs', 4.7202216e-06)]]
 latency: 19.7190 sec throughput: 0.0507 req/sec

The top-5 labels with corresponding scores are: [[('arm wrestling', 0.9999478), ('rock scissors paper', 6.797783e-06), ('opening bottle', 5.7701313e-06), ('playing chess', 4.8315246e-06), ('waxing legs', 4.7202216e-06)]]
 latency: 19.4380 sec throughput: 0.0514 req/sec

The top-5 labels with corresponding scores are: [[('arm wrestling', 0.9999478), ('rock scissors paper', 6.797783e-06), ('opening bottle', 5.7701313e-06), ('playing chess', 4.8315246e-06), ('waxing legs', 4.7202216e-06)]]
 latency: 19.9401 sec throughput: 0.0502 req/sec

The top-5 labels with corresponding scores are: [[('arm wrestling', 0.9999478), ('rock scissors paper', 6.797783e-06), ('opening bottle', 5.7701313e-06), ('playing chess', 4.8315246e-06), ('waxing legs', 4.7202216e-06)]]


total batches: 11, batch_size: 1
total latency: 215.22354388237 s
total throughput: 0.05110965000191628 req/sec
50th-percentile latency: 19.522765636444092 s
95th-percentile latency: 19.829682111740112 s
99th-percentile latency: 19.91798415184021 s
completed at 2021-10-12 18:28:22.659392